[INFO  - 2017-07-01T13:40:15.185Z] GhostDriver - Main - running on port 5323
[INFO  - 2017-07-01T13:40:18.383Z] Session [d2275b10-5e62-11e7-9485-353d41faff41] - page.settings - {"XSSAuditingEnabled":false,"javascriptCanCloseWindows":true,"javascriptCanOpenWindows":true,"javascriptEnabled":true,"loadImages":true,"localToRemoteUrlAccessEnabled":false,"userAgent":"Mozilla/5.0 (Windows NT 6.2; WOW64) AppleWebKit/538.1 (KHTML, like Gecko) PhantomJS/2.1.1 Safari/538.1","webSecurityEnabled":true}
[INFO  - 2017-07-01T13:40:18.384Z] Session [d2275b10-5e62-11e7-9485-353d41faff41] - page.customHeaders:  - {}
[INFO  - 2017-07-01T13:40:18.384Z] Session [d2275b10-5e62-11e7-9485-353d41faff41] - Session.negotiatedCapabilities - {"browserName":"phantomjs","version":"2.1.1","driverName":"ghostdriver","driverVersion":"1.2.0","platform":"windows-10-32bit","javascriptEnabled":true,"takesScreenshot":true,"handlesAlerts":false,"databaseEnabled":false,"locationContextEnabled":false,"applicationCacheEnabled":false,"browserConnectionEnabled":false,"cssSelectorsEnabled":true,"webStorageEnabled":false,"rotatable":false,"acceptSslCerts":false,"nativeEvents":true,"proxy":{"proxyType":"direct"}}
[INFO  - 2017-07-01T13:40:18.384Z] SessionManagerReqHand - _postNewSessionCommand - New Session Created: d2275b10-5e62-11e7-9485-353d41faff41
[INFO  - 2017-07-01T13:40:18.478Z] Session [d2275b10-5e62-11e7-9485-353d41faff41] - page.settings - {"XSSAuditingEnabled":false,"javascriptCanCloseWindows":true,"javascriptCanOpenWindows":true,"javascriptEnabled":true,"loadImages":true,"localToRemoteUrlAccessEnabled":false,"userAgent":"Mozilla/5.0 (Windows NT 6.2; WOW64) AppleWebKit/538.1 (KHTML, like Gecko) PhantomJS/2.1.1 Safari/538.1","webSecurityEnabled":true}
[INFO  - 2017-07-01T13:40:18.478Z] Session [d2275b10-5e62-11e7-9485-353d41faff41] - page.customHeaders:  - {}
[INFO  - 2017-07-01T13:40:18.505Z] Session [d2275b10-5e62-11e7-9485-353d41faff41] - page.settings - {"XSSAuditingEnabled":false,"javascriptCanCloseWindows":true,"javascriptCanOpenWindows":true,"javascriptEnabled":true,"loadImages":true,"localToRemoteUrlAccessEnabled":false,"userAgent":"Mozilla/5.0 (Windows NT 6.2; WOW64) AppleWebKit/538.1 (KHTML, like Gecko) PhantomJS/2.1.1 Safari/538.1","webSecurityEnabled":true}
[INFO  - 2017-07-01T13:40:18.505Z] Session [d2275b10-5e62-11e7-9485-353d41faff41] - page.customHeaders:  - {}
[INFO  - 2017-07-01T13:40:18.521Z] Session [d2275b10-5e62-11e7-9485-353d41faff41] - page.settings - {"XSSAuditingEnabled":false,"javascriptCanCloseWindows":true,"javascriptCanOpenWindows":true,"javascriptEnabled":true,"loadImages":true,"localToRemoteUrlAccessEnabled":false,"userAgent":"Mozilla/5.0 (Windows NT 6.2; WOW64) AppleWebKit/538.1 (KHTML, like Gecko) PhantomJS/2.1.1 Safari/538.1","webSecurityEnabled":true}
[INFO  - 2017-07-01T13:40:18.521Z] Session [d2275b10-5e62-11e7-9485-353d41faff41] - page.customHeaders:  - {}
[INFO  - 2017-07-01T13:40:18.536Z] Session [d2275b10-5e62-11e7-9485-353d41faff41] - page.settings - {"XSSAuditingEnabled":false,"javascriptCanCloseWindows":true,"javascriptCanOpenWindows":true,"javascriptEnabled":true,"loadImages":true,"localToRemoteUrlAccessEnabled":false,"userAgent":"Mozilla/5.0 (Windows NT 6.2; WOW64) AppleWebKit/538.1 (KHTML, like Gecko) PhantomJS/2.1.1 Safari/538.1","webSecurityEnabled":true}
[INFO  - 2017-07-01T13:40:18.536Z] Session [d2275b10-5e62-11e7-9485-353d41faff41] - page.customHeaders:  - {}
[INFO  - 2017-07-01T13:40:18.551Z] Session [d2275b10-5e62-11e7-9485-353d41faff41] - page.settings - {"XSSAuditingEnabled":false,"javascriptCanCloseWindows":true,"javascriptCanOpenWindows":true,"javascriptEnabled":true,"loadImages":true,"localToRemoteUrlAccessEnabled":false,"userAgent":"Mozilla/5.0 (Windows NT 6.2; WOW64) AppleWebKit/538.1 (KHTML, like Gecko) PhantomJS/2.1.1 Safari/538.1","webSecurityEnabled":true}
[INFO  - 2017-07-01T13:40:18.551Z] Session [d2275b10-5e62-11e7-9485-353d41faff41] - page.customHeaders:  - {}
[INFO  - 2017-07-01T13:40:18.569Z] Session [d2275b10-5e62-11e7-9485-353d41faff41] - page.settings - {"XSSAuditingEnabled":false,"javascriptCanCloseWindows":true,"javascriptCanOpenWindows":true,"javascriptEnabled":true,"loadImages":true,"localToRemoteUrlAccessEnabled":false,"userAgent":"Mozilla/5.0 (Windows NT 6.2; WOW64) AppleWebKit/538.1 (KHTML, like Gecko) PhantomJS/2.1.1 Safari/538.1","webSecurityEnabled":true}
[INFO  - 2017-07-01T13:40:18.569Z] Session [d2275b10-5e62-11e7-9485-353d41faff41] - page.customHeaders:  - {}
[INFO  - 2017-07-01T13:40:18.586Z] Session [d2275b10-5e62-11e7-9485-353d41faff41] - page.settings - {"XSSAuditingEnabled":false,"javascriptCanCloseWindows":true,"javascriptCanOpenWindows":true,"javascriptEnabled":true,"loadImages":true,"localToRemoteUrlAccessEnabled":false,"userAgent":"Mozilla/5.0 (Windows NT 6.2; WOW64) AppleWebKit/538.1 (KHTML, like Gecko) PhantomJS/2.1.1 Safari/538.1","webSecurityEnabled":true}
[INFO  - 2017-07-01T13:40:18.586Z] Session [d2275b10-5e62-11e7-9485-353d41faff41] - page.customHeaders:  - {}
[INFO  - 2017-07-01T13:40:18.601Z] Session [d2275b10-5e62-11e7-9485-353d41faff41] - page.settings - {"XSSAuditingEnabled":false,"javascriptCanCloseWindows":true,"javascriptCanOpenWindows":true,"javascriptEnabled":true,"loadImages":true,"localToRemoteUrlAccessEnabled":false,"userAgent":"Mozilla/5.0 (Windows NT 6.2; WOW64) AppleWebKit/538.1 (KHTML, like Gecko) PhantomJS/2.1.1 Safari/538.1","webSecurityEnabled":true}
[INFO  - 2017-07-01T13:40:18.601Z] Session [d2275b10-5e62-11e7-9485-353d41faff41] - page.customHeaders:  - {}
[INFO  - 2017-07-01T13:40:18.618Z] Session [d2275b10-5e62-11e7-9485-353d41faff41] - page.settings - {"XSSAuditingEnabled":false,"javascriptCanCloseWindows":true,"javascriptCanOpenWindows":true,"javascriptEnabled":true,"loadImages":true,"localToRemoteUrlAccessEnabled":false,"userAgent":"Mozilla/5.0 (Windows NT 6.2; WOW64) AppleWebKit/538.1 (KHTML, like Gecko) PhantomJS/2.1.1 Safari/538.1","webSecurityEnabled":true}
[INFO  - 2017-07-01T13:40:18.618Z] Session [d2275b10-5e62-11e7-9485-353d41faff41] - page.customHeaders:  - {}
[INFO  - 2017-07-01T13:40:18.634Z] Session [d2275b10-5e62-11e7-9485-353d41faff41] - page.settings - {"XSSAuditingEnabled":false,"javascriptCanCloseWindows":true,"javascriptCanOpenWindows":true,"javascriptEnabled":true,"loadImages":true,"localToRemoteUrlAccessEnabled":false,"userAgent":"Mozilla/5.0 (Windows NT 6.2; WOW64) AppleWebKit/538.1 (KHTML, like Gecko) PhantomJS/2.1.1 Safari/538.1","webSecurityEnabled":true}
[INFO  - 2017-07-01T13:40:18.634Z] Session [d2275b10-5e62-11e7-9485-353d41faff41] - page.customHeaders:  - {}
[INFO  - 2017-07-01T13:40:18.650Z] Session [d2275b10-5e62-11e7-9485-353d41faff41] - page.settings - {"XSSAuditingEnabled":false,"javascriptCanCloseWindows":true,"javascriptCanOpenWindows":true,"javascriptEnabled":true,"loadImages":true,"localToRemoteUrlAccessEnabled":false,"userAgent":"Mozilla/5.0 (Windows NT 6.2; WOW64) AppleWebKit/538.1 (KHTML, like Gecko) PhantomJS/2.1.1 Safari/538.1","webSecurityEnabled":true}
[INFO  - 2017-07-01T13:40:18.651Z] Session [d2275b10-5e62-11e7-9485-353d41faff41] - page.customHeaders:  - {}
[INFO  - 2017-07-01T13:40:18.667Z] Session [d2275b10-5e62-11e7-9485-353d41faff41] - page.settings - {"XSSAuditingEnabled":false,"javascriptCanCloseWindows":true,"javascriptCanOpenWindows":true,"javascriptEnabled":true,"loadImages":true,"localToRemoteUrlAccessEnabled":false,"userAgent":"Mozilla/5.0 (Windows NT 6.2; WOW64) AppleWebKit/538.1 (KHTML, like Gecko) PhantomJS/2.1.1 Safari/538.1","webSecurityEnabled":true}
[INFO  - 2017-07-01T13:40:18.667Z] Session [d2275b10-5e62-11e7-9485-353d41faff41] - page.customHeaders:  - {}
[INFO  - 2017-07-01T13:40:18.683Z] Session [d2275b10-5e62-11e7-9485-353d41faff41] - page.settings - {"XSSAuditingEnabled":false,"javascriptCanCloseWindows":true,"javascriptCanOpenWindows":true,"javascriptEnabled":true,"loadImages":true,"localToRemoteUrlAccessEnabled":false,"userAgent":"Mozilla/5.0 (Windows NT 6.2; WOW64) AppleWebKit/538.1 (KHTML, like Gecko) PhantomJS/2.1.1 Safari/538.1","webSecurityEnabled":true}
[INFO  - 2017-07-01T13:40:18.683Z] Session [d2275b10-5e62-11e7-9485-353d41faff41] - page.customHeaders:  - {}
[INFO  - 2017-07-01T13:40:18.699Z] Session [d2275b10-5e62-11e7-9485-353d41faff41] - page.settings - {"XSSAuditingEnabled":false,"javascriptCanCloseWindows":true,"javascriptCanOpenWindows":true,"javascriptEnabled":true,"loadImages":true,"localToRemoteUrlAccessEnabled":false,"userAgent":"Mozilla/5.0 (Windows NT 6.2; WOW64) AppleWebKit/538.1 (KHTML, like Gecko) PhantomJS/2.1.1 Safari/538.1","webSecurityEnabled":true}
[INFO  - 2017-07-01T13:40:18.699Z] Session [d2275b10-5e62-11e7-9485-353d41faff41] - page.customHeaders:  - {}
[INFO  - 2017-07-01T13:40:18.720Z] Session [d2275b10-5e62-11e7-9485-353d41faff41] - page.settings - {"XSSAuditingEnabled":false,"javascriptCanCloseWindows":true,"javascriptCanOpenWindows":true,"javascriptEnabled":true,"loadImages":true,"localToRemoteUrlAccessEnabled":false,"userAgent":"Mozilla/5.0 (Windows NT 6.2; WOW64) AppleWebKit/538.1 (KHTML, like Gecko) PhantomJS/2.1.1 Safari/538.1","webSecurityEnabled":true}
[INFO  - 2017-07-01T13:40:18.721Z] Session [d2275b10-5e62-11e7-9485-353d41faff41] - page.customHeaders:  - {}
[INFO  - 2017-07-01T13:40:18.736Z] Session [d2275b10-5e62-11e7-9485-353d41faff41] - page.settings - {"XSSAuditingEnabled":false,"javascriptCanCloseWindows":true,"javascriptCanOpenWindows":true,"javascriptEnabled":true,"loadImages":true,"localToRemoteUrlAccessEnabled":false,"userAgent":"Mozilla/5.0 (Windows NT 6.2; WOW64) AppleWebKit/538.1 (KHTML, like Gecko) PhantomJS/2.1.1 Safari/538.1","webSecurityEnabled":true}
[INFO  - 2017-07-01T13:40:18.736Z] Session [d2275b10-5e62-11e7-9485-353d41faff41] - page.customHeaders:  - {}
[INFO  - 2017-07-01T13:40:18.751Z] Session [d2275b10-5e62-11e7-9485-353d41faff41] - page.settings - {"XSSAuditingEnabled":false,"javascriptCanCloseWindows":true,"javascriptCanOpenWindows":true,"javascriptEnabled":true,"loadImages":true,"localToRemoteUrlAccessEnabled":false,"userAgent":"Mozilla/5.0 (Windows NT 6.2; WOW64) AppleWebKit/538.1 (KHTML, like Gecko) PhantomJS/2.1.1 Safari/538.1","webSecurityEnabled":true}
[INFO  - 2017-07-01T13:40:18.752Z] Session [d2275b10-5e62-11e7-9485-353d41faff41] - page.customHeaders:  - {}
[INFO  - 2017-07-01T13:40:18.768Z] Session [d2275b10-5e62-11e7-9485-353d41faff41] - page.settings - {"XSSAuditingEnabled":false,"javascriptCanCloseWindows":true,"javascriptCanOpenWindows":true,"javascriptEnabled":true,"loadImages":true,"localToRemoteUrlAccessEnabled":false,"userAgent":"Mozilla/5.0 (Windows NT 6.2; WOW64) AppleWebKit/538.1 (KHTML, like Gecko) PhantomJS/2.1.1 Safari/538.1","webSecurityEnabled":true}
[INFO  - 2017-07-01T13:40:18.768Z] Session [d2275b10-5e62-11e7-9485-353d41faff41] - page.customHeaders:  - {}
[INFO  - 2017-07-01T13:40:18.784Z] Session [d2275b10-5e62-11e7-9485-353d41faff41] - page.settings - {"XSSAuditingEnabled":false,"javascriptCanCloseWindows":true,"javascriptCanOpenWindows":true,"javascriptEnabled":true,"loadImages":true,"localToRemoteUrlAccessEnabled":false,"userAgent":"Mozilla/5.0 (Windows NT 6.2; WOW64) AppleWebKit/538.1 (KHTML, like Gecko) PhantomJS/2.1.1 Safari/538.1","webSecurityEnabled":true}
[INFO  - 2017-07-01T13:40:18.784Z] Session [d2275b10-5e62-11e7-9485-353d41faff41] - page.customHeaders:  - {}
[INFO  - 2017-07-01T13:40:18.800Z] Session [d2275b10-5e62-11e7-9485-353d41faff41] - page.settings - {"XSSAuditingEnabled":false,"javascriptCanCloseWindows":true,"javascriptCanOpenWindows":true,"javascriptEnabled":true,"loadImages":true,"localToRemoteUrlAccessEnabled":false,"userAgent":"Mozilla/5.0 (Windows NT 6.2; WOW64) AppleWebKit/538.1 (KHTML, like Gecko) PhantomJS/2.1.1 Safari/538.1","webSecurityEnabled":true}
[INFO  - 2017-07-01T13:40:18.801Z] Session [d2275b10-5e62-11e7-9485-353d41faff41] - page.customHeaders:  - {}
[INFO  - 2017-07-01T13:40:18.817Z] Session [d2275b10-5e62-11e7-9485-353d41faff41] - page.settings - {"XSSAuditingEnabled":false,"javascriptCanCloseWindows":true,"javascriptCanOpenWindows":true,"javascriptEnabled":true,"loadImages":true,"localToRemoteUrlAccessEnabled":false,"userAgent":"Mozilla/5.0 (Windows NT 6.2; WOW64) AppleWebKit/538.1 (KHTML, like Gecko) PhantomJS/2.1.1 Safari/538.1","webSecurityEnabled":true}
[INFO  - 2017-07-01T13:40:18.817Z] Session [d2275b10-5e62-11e7-9485-353d41faff41] - page.customHeaders:  - {}
[INFO  - 2017-07-01T13:40:18.833Z] Session [d2275b10-5e62-11e7-9485-353d41faff41] - page.settings - {"XSSAuditingEnabled":false,"javascriptCanCloseWindows":true,"javascriptCanOpenWindows":true,"javascriptEnabled":true,"loadImages":true,"localToRemoteUrlAccessEnabled":false,"userAgent":"Mozilla/5.0 (Windows NT 6.2; WOW64) AppleWebKit/538.1 (KHTML, like Gecko) PhantomJS/2.1.1 Safari/538.1","webSecurityEnabled":true}
[INFO  - 2017-07-01T13:40:18.833Z] Session [d2275b10-5e62-11e7-9485-353d41faff41] - page.customHeaders:  - {}
[INFO  - 2017-07-01T13:40:18.849Z] Session [d2275b10-5e62-11e7-9485-353d41faff41] - page.settings - {"XSSAuditingEnabled":false,"javascriptCanCloseWindows":true,"javascriptCanOpenWindows":true,"javascriptEnabled":true,"loadImages":true,"localToRemoteUrlAccessEnabled":false,"userAgent":"Mozilla/5.0 (Windows NT 6.2; WOW64) AppleWebKit/538.1 (KHTML, like Gecko) PhantomJS/2.1.1 Safari/538.1","webSecurityEnabled":true}
[INFO  - 2017-07-01T13:40:18.849Z] Session [d2275b10-5e62-11e7-9485-353d41faff41] - page.customHeaders:  - {}
[INFO  - 2017-07-01T13:40:18.865Z] Session [d2275b10-5e62-11e7-9485-353d41faff41] - page.settings - {"XSSAuditingEnabled":false,"javascriptCanCloseWindows":true,"javascriptCanOpenWindows":true,"javascriptEnabled":true,"loadImages":true,"localToRemoteUrlAccessEnabled":false,"userAgent":"Mozilla/5.0 (Windows NT 6.2; WOW64) AppleWebKit/538.1 (KHTML, like Gecko) PhantomJS/2.1.1 Safari/538.1","webSecurityEnabled":true}
[INFO  - 2017-07-01T13:40:18.865Z] Session [d2275b10-5e62-11e7-9485-353d41faff41] - page.customHeaders:  - {}
[INFO  - 2017-07-01T13:40:18.879Z] Session [d2275b10-5e62-11e7-9485-353d41faff41] - page.settings - {"XSSAuditingEnabled":false,"javascriptCanCloseWindows":true,"javascriptCanOpenWindows":true,"javascriptEnabled":true,"loadImages":true,"localToRemoteUrlAccessEnabled":false,"userAgent":"Mozilla/5.0 (Windows NT 6.2; WOW64) AppleWebKit/538.1 (KHTML, like Gecko) PhantomJS/2.1.1 Safari/538.1","webSecurityEnabled":true}
[INFO  - 2017-07-01T13:40:18.879Z] Session [d2275b10-5e62-11e7-9485-353d41faff41] - page.customHeaders:  - {}
[INFO  - 2017-07-01T13:40:44.907Z] Session [d2275b10-5e62-11e7-9485-353d41faff41] - page.settings - {"XSSAuditingEnabled":false,"javascriptCanCloseWindows":true,"javascriptCanOpenWindows":true,"javascriptEnabled":true,"loadImages":true,"localToRemoteUrlAccessEnabled":false,"userAgent":"Mozilla/5.0 (Windows NT 6.2; WOW64) AppleWebKit/538.1 (KHTML, like Gecko) PhantomJS/2.1.1 Safari/538.1","webSecurityEnabled":true}
[INFO  - 2017-07-01T13:40:44.907Z] Session [d2275b10-5e62-11e7-9485-353d41faff41] - page.customHeaders:  - {}
[INFO  - 2017-07-01T13:40:44.921Z] Session [d2275b10-5e62-11e7-9485-353d41faff41] - page.settings - {"XSSAuditingEnabled":false,"javascriptCanCloseWindows":true,"javascriptCanOpenWindows":true,"javascriptEnabled":true,"loadImages":true,"localToRemoteUrlAccessEnabled":false,"userAgent":"Mozilla/5.0 (Windows NT 6.2; WOW64) AppleWebKit/538.1 (KHTML, like Gecko) PhantomJS/2.1.1 Safari/538.1","webSecurityEnabled":true}
[INFO  - 2017-07-01T13:40:44.922Z] Session [d2275b10-5e62-11e7-9485-353d41faff41] - page.customHeaders:  - {}
[INFO  - 2017-07-01T13:40:44.936Z] Session [d2275b10-5e62-11e7-9485-353d41faff41] - page.settings - {"XSSAuditingEnabled":false,"javascriptCanCloseWindows":true,"javascriptCanOpenWindows":true,"javascriptEnabled":true,"loadImages":true,"localToRemoteUrlAccessEnabled":false,"userAgent":"Mozilla/5.0 (Windows NT 6.2; WOW64) AppleWebKit/538.1 (KHTML, like Gecko) PhantomJS/2.1.1 Safari/538.1","webSecurityEnabled":true}
[INFO  - 2017-07-01T13:40:44.936Z] Session [d2275b10-5e62-11e7-9485-353d41faff41] - page.customHeaders:  - {}
[INFO  - 2017-07-01T13:40:44.951Z] Session [d2275b10-5e62-11e7-9485-353d41faff41] - page.settings - {"XSSAuditingEnabled":false,"javascriptCanCloseWindows":true,"javascriptCanOpenWindows":true,"javascriptEnabled":true,"loadImages":true,"localToRemoteUrlAccessEnabled":false,"userAgent":"Mozilla/5.0 (Windows NT 6.2; WOW64) AppleWebKit/538.1 (KHTML, like Gecko) PhantomJS/2.1.1 Safari/538.1","webSecurityEnabled":true}
[INFO  - 2017-07-01T13:40:44.951Z] Session [d2275b10-5e62-11e7-9485-353d41faff41] - page.customHeaders:  - {}
[INFO  - 2017-07-01T13:40:44.969Z] Session [d2275b10-5e62-11e7-9485-353d41faff41] - page.settings - {"XSSAuditingEnabled":false,"javascriptCanCloseWindows":true,"javascriptCanOpenWindows":true,"javascriptEnabled":true,"loadImages":true,"localToRemoteUrlAccessEnabled":false,"userAgent":"Mozilla/5.0 (Windows NT 6.2; WOW64) AppleWebKit/538.1 (KHTML, like Gecko) PhantomJS/2.1.1 Safari/538.1","webSecurityEnabled":true}
[INFO  - 2017-07-01T13:40:44.970Z] Session [d2275b10-5e62-11e7-9485-353d41faff41] - page.customHeaders:  - {}
[INFO  - 2017-07-01T13:40:44.984Z] Session [d2275b10-5e62-11e7-9485-353d41faff41] - page.settings - {"XSSAuditingEnabled":false,"javascriptCanCloseWindows":true,"javascriptCanOpenWindows":true,"javascriptEnabled":true,"loadImages":true,"localToRemoteUrlAccessEnabled":false,"userAgent":"Mozilla/5.0 (Windows NT 6.2; WOW64) AppleWebKit/538.1 (KHTML, like Gecko) PhantomJS/2.1.1 Safari/538.1","webSecurityEnabled":true}
[INFO  - 2017-07-01T13:40:44.984Z] Session [d2275b10-5e62-11e7-9485-353d41faff41] - page.customHeaders:  - {}
[INFO  - 2017-07-01T13:40:44.999Z] Session [d2275b10-5e62-11e7-9485-353d41faff41] - page.settings - {"XSSAuditingEnabled":false,"javascriptCanCloseWindows":true,"javascriptCanOpenWindows":true,"javascriptEnabled":true,"loadImages":true,"localToRemoteUrlAccessEnabled":false,"userAgent":"Mozilla/5.0 (Windows NT 6.2; WOW64) AppleWebKit/538.1 (KHTML, like Gecko) PhantomJS/2.1.1 Safari/538.1","webSecurityEnabled":true}
[INFO  - 2017-07-01T13:40:44.999Z] Session [d2275b10-5e62-11e7-9485-353d41faff41] - page.customHeaders:  - {}
[INFO  - 2017-07-01T13:40:45.015Z] Session [d2275b10-5e62-11e7-9485-353d41faff41] - page.settings - {"XSSAuditingEnabled":false,"javascriptCanCloseWindows":true,"javascriptCanOpenWindows":true,"javascriptEnabled":true,"loadImages":true,"localToRemoteUrlAccessEnabled":false,"userAgent":"Mozilla/5.0 (Windows NT 6.2; WOW64) AppleWebKit/538.1 (KHTML, like Gecko) PhantomJS/2.1.1 Safari/538.1","webSecurityEnabled":true}
[INFO  - 2017-07-01T13:40:45.015Z] Session [d2275b10-5e62-11e7-9485-353d41faff41] - page.customHeaders:  - {}
[INFO  - 2017-07-01T13:40:45.030Z] Session [d2275b10-5e62-11e7-9485-353d41faff41] - page.settings - {"XSSAuditingEnabled":false,"javascriptCanCloseWindows":true,"javascriptCanOpenWindows":true,"javascriptEnabled":true,"loadImages":true,"localToRemoteUrlAccessEnabled":false,"userAgent":"Mozilla/5.0 (Windows NT 6.2; WOW64) AppleWebKit/538.1 (KHTML, like Gecko) PhantomJS/2.1.1 Safari/538.1","webSecurityEnabled":true}
[INFO  - 2017-07-01T13:40:45.030Z] Session [d2275b10-5e62-11e7-9485-353d41faff41] - page.customHeaders:  - {}
[INFO  - 2017-07-01T13:40:45.045Z] Session [d2275b10-5e62-11e7-9485-353d41faff41] - page.settings - {"XSSAuditingEnabled":false,"javascriptCanCloseWindows":true,"javascriptCanOpenWindows":true,"javascriptEnabled":true,"loadImages":true,"localToRemoteUrlAccessEnabled":false,"userAgent":"Mozilla/5.0 (Windows NT 6.2; WOW64) AppleWebKit/538.1 (KHTML, like Gecko) PhantomJS/2.1.1 Safari/538.1","webSecurityEnabled":true}
[INFO  - 2017-07-01T13:40:45.045Z] Session [d2275b10-5e62-11e7-9485-353d41faff41] - page.customHeaders:  - {}
[INFO  - 2017-07-01T13:40:45.059Z] Session [d2275b10-5e62-11e7-9485-353d41faff41] - page.settings - {"XSSAuditingEnabled":false,"javascriptCanCloseWindows":true,"javascriptCanOpenWindows":true,"javascriptEnabled":true,"loadImages":true,"localToRemoteUrlAccessEnabled":false,"userAgent":"Mozilla/5.0 (Windows NT 6.2; WOW64) AppleWebKit/538.1 (KHTML, like Gecko) PhantomJS/2.1.1 Safari/538.1","webSecurityEnabled":true}
[INFO  - 2017-07-01T13:40:45.059Z] Session [d2275b10-5e62-11e7-9485-353d41faff41] - page.customHeaders:  - {}
[INFO  - 2017-07-01T13:40:45.073Z] Session [d2275b10-5e62-11e7-9485-353d41faff41] - page.settings - {"XSSAuditingEnabled":false,"javascriptCanCloseWindows":true,"javascriptCanOpenWindows":true,"javascriptEnabled":true,"loadImages":true,"localToRemoteUrlAccessEnabled":false,"userAgent":"Mozilla/5.0 (Windows NT 6.2; WOW64) AppleWebKit/538.1 (KHTML, like Gecko) PhantomJS/2.1.1 Safari/538.1","webSecurityEnabled":true}
[INFO  - 2017-07-01T13:40:45.073Z] Session [d2275b10-5e62-11e7-9485-353d41faff41] - page.customHeaders:  - {}
[INFO  - 2017-07-01T13:40:45.089Z] Session [d2275b10-5e62-11e7-9485-353d41faff41] - page.settings - {"XSSAuditingEnabled":false,"javascriptCanCloseWindows":true,"javascriptCanOpenWindows":true,"javascriptEnabled":true,"loadImages":true,"localToRemoteUrlAccessEnabled":false,"userAgent":"Mozilla/5.0 (Windows NT 6.2; WOW64) AppleWebKit/538.1 (KHTML, like Gecko) PhantomJS/2.1.1 Safari/538.1","webSecurityEnabled":true}
[INFO  - 2017-07-01T13:40:45.089Z] Session [d2275b10-5e62-11e7-9485-353d41faff41] - page.customHeaders:  - {}
[INFO  - 2017-07-01T13:40:45.103Z] Session [d2275b10-5e62-11e7-9485-353d41faff41] - page.settings - {"XSSAuditingEnabled":false,"javascriptCanCloseWindows":true,"javascriptCanOpenWindows":true,"javascriptEnabled":true,"loadImages":true,"localToRemoteUrlAccessEnabled":false,"userAgent":"Mozilla/5.0 (Windows NT 6.2; WOW64) AppleWebKit/538.1 (KHTML, like Gecko) PhantomJS/2.1.1 Safari/538.1","webSecurityEnabled":true}
[INFO  - 2017-07-01T13:40:45.104Z] Session [d2275b10-5e62-11e7-9485-353d41faff41] - page.customHeaders:  - {}
[INFO  - 2017-07-01T13:40:45.121Z] Session [d2275b10-5e62-11e7-9485-353d41faff41] - page.settings - {"XSSAuditingEnabled":false,"javascriptCanCloseWindows":true,"javascriptCanOpenWindows":true,"javascriptEnabled":true,"loadImages":true,"localToRemoteUrlAccessEnabled":false,"userAgent":"Mozilla/5.0 (Windows NT 6.2; WOW64) AppleWebKit/538.1 (KHTML, like Gecko) PhantomJS/2.1.1 Safari/538.1","webSecurityEnabled":true}
[INFO  - 2017-07-01T13:40:45.121Z] Session [d2275b10-5e62-11e7-9485-353d41faff41] - page.customHeaders:  - {}
[INFO  - 2017-07-01T13:40:45.138Z] Session [d2275b10-5e62-11e7-9485-353d41faff41] - page.settings - {"XSSAuditingEnabled":false,"javascriptCanCloseWindows":true,"javascriptCanOpenWindows":true,"javascriptEnabled":true,"loadImages":true,"localToRemoteUrlAccessEnabled":false,"userAgent":"Mozilla/5.0 (Windows NT 6.2; WOW64) AppleWebKit/538.1 (KHTML, like Gecko) PhantomJS/2.1.1 Safari/538.1","webSecurityEnabled":true}
[INFO  - 2017-07-01T13:40:45.138Z] Session [d2275b10-5e62-11e7-9485-353d41faff41] - page.customHeaders:  - {}
[INFO  - 2017-07-01T13:40:45.154Z] Session [d2275b10-5e62-11e7-9485-353d41faff41] - page.settings - {"XSSAuditingEnabled":false,"javascriptCanCloseWindows":true,"javascriptCanOpenWindows":true,"javascriptEnabled":true,"loadImages":true,"localToRemoteUrlAccessEnabled":false,"userAgent":"Mozilla/5.0 (Windows NT 6.2; WOW64) AppleWebKit/538.1 (KHTML, like Gecko) PhantomJS/2.1.1 Safari/538.1","webSecurityEnabled":true}
[INFO  - 2017-07-01T13:40:45.154Z] Session [d2275b10-5e62-11e7-9485-353d41faff41] - page.customHeaders:  - {}
[INFO  - 2017-07-01T13:40:45.171Z] Session [d2275b10-5e62-11e7-9485-353d41faff41] - page.settings - {"XSSAuditingEnabled":false,"javascriptCanCloseWindows":true,"javascriptCanOpenWindows":true,"javascriptEnabled":true,"loadImages":true,"localToRemoteUrlAccessEnabled":false,"userAgent":"Mozilla/5.0 (Windows NT 6.2; WOW64) AppleWebKit/538.1 (KHTML, like Gecko) PhantomJS/2.1.1 Safari/538.1","webSecurityEnabled":true}
[INFO  - 2017-07-01T13:40:45.171Z] Session [d2275b10-5e62-11e7-9485-353d41faff41] - page.customHeaders:  - {}
[INFO  - 2017-07-01T13:40:45.188Z] Session [d2275b10-5e62-11e7-9485-353d41faff41] - page.settings - {"XSSAuditingEnabled":false,"javascriptCanCloseWindows":true,"javascriptCanOpenWindows":true,"javascriptEnabled":true,"loadImages":true,"localToRemoteUrlAccessEnabled":false,"userAgent":"Mozilla/5.0 (Windows NT 6.2; WOW64) AppleWebKit/538.1 (KHTML, like Gecko) PhantomJS/2.1.1 Safari/538.1","webSecurityEnabled":true}
[INFO  - 2017-07-01T13:40:45.188Z] Session [d2275b10-5e62-11e7-9485-353d41faff41] - page.customHeaders:  - {}
[INFO  - 2017-07-01T13:40:45.205Z] Session [d2275b10-5e62-11e7-9485-353d41faff41] - page.settings - {"XSSAuditingEnabled":false,"javascriptCanCloseWindows":true,"javascriptCanOpenWindows":true,"javascriptEnabled":true,"loadImages":true,"localToRemoteUrlAccessEnabled":false,"userAgent":"Mozilla/5.0 (Windows NT 6.2; WOW64) AppleWebKit/538.1 (KHTML, like Gecko) PhantomJS/2.1.1 Safari/538.1","webSecurityEnabled":true}
[INFO  - 2017-07-01T13:40:45.205Z] Session [d2275b10-5e62-11e7-9485-353d41faff41] - page.customHeaders:  - {}
[INFO  - 2017-07-01T13:40:45.221Z] Session [d2275b10-5e62-11e7-9485-353d41faff41] - page.settings - {"XSSAuditingEnabled":false,"javascriptCanCloseWindows":true,"javascriptCanOpenWindows":true,"javascriptEnabled":true,"loadImages":true,"localToRemoteUrlAccessEnabled":false,"userAgent":"Mozilla/5.0 (Windows NT 6.2; WOW64) AppleWebKit/538.1 (KHTML, like Gecko) PhantomJS/2.1.1 Safari/538.1","webSecurityEnabled":true}
[INFO  - 2017-07-01T13:40:45.221Z] Session [d2275b10-5e62-11e7-9485-353d41faff41] - page.customHeaders:  - {}
[INFO  - 2017-07-01T13:40:45.237Z] Session [d2275b10-5e62-11e7-9485-353d41faff41] - page.settings - {"XSSAuditingEnabled":false,"javascriptCanCloseWindows":true,"javascriptCanOpenWindows":true,"javascriptEnabled":true,"loadImages":true,"localToRemoteUrlAccessEnabled":false,"userAgent":"Mozilla/5.0 (Windows NT 6.2; WOW64) AppleWebKit/538.1 (KHTML, like Gecko) PhantomJS/2.1.1 Safari/538.1","webSecurityEnabled":true}
[INFO  - 2017-07-01T13:40:45.237Z] Session [d2275b10-5e62-11e7-9485-353d41faff41] - page.customHeaders:  - {}
[INFO  - 2017-07-01T13:40:45.254Z] Session [d2275b10-5e62-11e7-9485-353d41faff41] - page.settings - {"XSSAuditingEnabled":false,"javascriptCanCloseWindows":true,"javascriptCanOpenWindows":true,"javascriptEnabled":true,"loadImages":true,"localToRemoteUrlAccessEnabled":false,"userAgent":"Mozilla/5.0 (Windows NT 6.2; WOW64) AppleWebKit/538.1 (KHTML, like Gecko) PhantomJS/2.1.1 Safari/538.1","webSecurityEnabled":true}
[INFO  - 2017-07-01T13:40:45.255Z] Session [d2275b10-5e62-11e7-9485-353d41faff41] - page.customHeaders:  - {}
[INFO  - 2017-07-01T13:40:45.271Z] Session [d2275b10-5e62-11e7-9485-353d41faff41] - page.settings - {"XSSAuditingEnabled":false,"javascriptCanCloseWindows":true,"javascriptCanOpenWindows":true,"javascriptEnabled":true,"loadImages":true,"localToRemoteUrlAccessEnabled":false,"userAgent":"Mozilla/5.0 (Windows NT 6.2; WOW64) AppleWebKit/538.1 (KHTML, like Gecko) PhantomJS/2.1.1 Safari/538.1","webSecurityEnabled":true}
[INFO  - 2017-07-01T13:40:45.271Z] Session [d2275b10-5e62-11e7-9485-353d41faff41] - page.customHeaders:  - {}
[INFO  - 2017-07-01T13:40:45.287Z] Session [d2275b10-5e62-11e7-9485-353d41faff41] - page.settings - {"XSSAuditingEnabled":false,"javascriptCanCloseWindows":true,"javascriptCanOpenWindows":true,"javascriptEnabled":true,"loadImages":true,"localToRemoteUrlAccessEnabled":false,"userAgent":"Mozilla/5.0 (Windows NT 6.2; WOW64) AppleWebKit/538.1 (KHTML, like Gecko) PhantomJS/2.1.1 Safari/538.1","webSecurityEnabled":true}
[INFO  - 2017-07-01T13:40:45.288Z] Session [d2275b10-5e62-11e7-9485-353d41faff41] - page.customHeaders:  - {}
[INFO  - 2017-07-01T13:41:10.112Z] Session [d2275b10-5e62-11e7-9485-353d41faff41] - page.settings - {"XSSAuditingEnabled":false,"javascriptCanCloseWindows":true,"javascriptCanOpenWindows":true,"javascriptEnabled":true,"loadImages":true,"localToRemoteUrlAccessEnabled":false,"userAgent":"Mozilla/5.0 (Windows NT 6.2; WOW64) AppleWebKit/538.1 (KHTML, like Gecko) PhantomJS/2.1.1 Safari/538.1","webSecurityEnabled":true}
[INFO  - 2017-07-01T13:41:10.112Z] Session [d2275b10-5e62-11e7-9485-353d41faff41] - page.customHeaders:  - {}
[INFO  - 2017-07-01T13:41:10.129Z] Session [d2275b10-5e62-11e7-9485-353d41faff41] - page.settings - {"XSSAuditingEnabled":false,"javascriptCanCloseWindows":true,"javascriptCanOpenWindows":true,"javascriptEnabled":true,"loadImages":true,"localToRemoteUrlAccessEnabled":false,"userAgent":"Mozilla/5.0 (Windows NT 6.2; WOW64) AppleWebKit/538.1 (KHTML, like Gecko) PhantomJS/2.1.1 Safari/538.1","webSecurityEnabled":true}
[INFO  - 2017-07-01T13:41:10.129Z] Session [d2275b10-5e62-11e7-9485-353d41faff41] - page.customHeaders:  - {}
[INFO  - 2017-07-01T13:41:10.143Z] Session [d2275b10-5e62-11e7-9485-353d41faff41] - page.settings - {"XSSAuditingEnabled":false,"javascriptCanCloseWindows":true,"javascriptCanOpenWindows":true,"javascriptEnabled":true,"loadImages":true,"localToRemoteUrlAccessEnabled":false,"userAgent":"Mozilla/5.0 (Windows NT 6.2; WOW64) AppleWebKit/538.1 (KHTML, like Gecko) PhantomJS/2.1.1 Safari/538.1","webSecurityEnabled":true}
[INFO  - 2017-07-01T13:41:10.144Z] Session [d2275b10-5e62-11e7-9485-353d41faff41] - page.customHeaders:  - {}
[INFO  - 2017-07-01T13:41:10.159Z] Session [d2275b10-5e62-11e7-9485-353d41faff41] - page.settings - {"XSSAuditingEnabled":false,"javascriptCanCloseWindows":true,"javascriptCanOpenWindows":true,"javascriptEnabled":true,"loadImages":true,"localToRemoteUrlAccessEnabled":false,"userAgent":"Mozilla/5.0 (Windows NT 6.2; WOW64) AppleWebKit/538.1 (KHTML, like Gecko) PhantomJS/2.1.1 Safari/538.1","webSecurityEnabled":true}
[INFO  - 2017-07-01T13:41:10.159Z] Session [d2275b10-5e62-11e7-9485-353d41faff41] - page.customHeaders:  - {}
[INFO  - 2017-07-01T13:41:10.173Z] Session [d2275b10-5e62-11e7-9485-353d41faff41] - page.settings - {"XSSAuditingEnabled":false,"javascriptCanCloseWindows":true,"javascriptCanOpenWindows":true,"javascriptEnabled":true,"loadImages":true,"localToRemoteUrlAccessEnabled":false,"userAgent":"Mozilla/5.0 (Windows NT 6.2; WOW64) AppleWebKit/538.1 (KHTML, like Gecko) PhantomJS/2.1.1 Safari/538.1","webSecurityEnabled":true}
[INFO  - 2017-07-01T13:41:10.173Z] Session [d2275b10-5e62-11e7-9485-353d41faff41] - page.customHeaders:  - {}
[INFO  - 2017-07-01T13:41:10.189Z] Session [d2275b10-5e62-11e7-9485-353d41faff41] - page.settings - {"XSSAuditingEnabled":false,"javascriptCanCloseWindows":true,"javascriptCanOpenWindows":true,"javascriptEnabled":true,"loadImages":true,"localToRemoteUrlAccessEnabled":false,"userAgent":"Mozilla/5.0 (Windows NT 6.2; WOW64) AppleWebKit/538.1 (KHTML, like Gecko) PhantomJS/2.1.1 Safari/538.1","webSecurityEnabled":true}
[INFO  - 2017-07-01T13:41:10.189Z] Session [d2275b10-5e62-11e7-9485-353d41faff41] - page.customHeaders:  - {}
[INFO  - 2017-07-01T13:41:10.204Z] Session [d2275b10-5e62-11e7-9485-353d41faff41] - page.settings - {"XSSAuditingEnabled":false,"javascriptCanCloseWindows":true,"javascriptCanOpenWindows":true,"javascriptEnabled":true,"loadImages":true,"localToRemoteUrlAccessEnabled":false,"userAgent":"Mozilla/5.0 (Windows NT 6.2; WOW64) AppleWebKit/538.1 (KHTML, like Gecko) PhantomJS/2.1.1 Safari/538.1","webSecurityEnabled":true}
[INFO  - 2017-07-01T13:41:10.204Z] Session [d2275b10-5e62-11e7-9485-353d41faff41] - page.customHeaders:  - {}
[INFO  - 2017-07-01T13:41:10.219Z] Session [d2275b10-5e62-11e7-9485-353d41faff41] - page.settings - {"XSSAuditingEnabled":false,"javascriptCanCloseWindows":true,"javascriptCanOpenWindows":true,"javascriptEnabled":true,"loadImages":true,"localToRemoteUrlAccessEnabled":false,"userAgent":"Mozilla/5.0 (Windows NT 6.2; WOW64) AppleWebKit/538.1 (KHTML, like Gecko) PhantomJS/2.1.1 Safari/538.1","webSecurityEnabled":true}
[INFO  - 2017-07-01T13:41:10.219Z] Session [d2275b10-5e62-11e7-9485-353d41faff41] - page.customHeaders:  - {}
[INFO  - 2017-07-01T13:41:10.234Z] Session [d2275b10-5e62-11e7-9485-353d41faff41] - page.settings - {"XSSAuditingEnabled":false,"javascriptCanCloseWindows":true,"javascriptCanOpenWindows":true,"javascriptEnabled":true,"loadImages":true,"localToRemoteUrlAccessEnabled":false,"userAgent":"Mozilla/5.0 (Windows NT 6.2; WOW64) AppleWebKit/538.1 (KHTML, like Gecko) PhantomJS/2.1.1 Safari/538.1","webSecurityEnabled":true}
[INFO  - 2017-07-01T13:41:10.234Z] Session [d2275b10-5e62-11e7-9485-353d41faff41] - page.customHeaders:  - {}
[INFO  - 2017-07-01T13:41:10.249Z] Session [d2275b10-5e62-11e7-9485-353d41faff41] - page.settings - {"XSSAuditingEnabled":false,"javascriptCanCloseWindows":true,"javascriptCanOpenWindows":true,"javascriptEnabled":true,"loadImages":true,"localToRemoteUrlAccessEnabled":false,"userAgent":"Mozilla/5.0 (Windows NT 6.2; WOW64) AppleWebKit/538.1 (KHTML, like Gecko) PhantomJS/2.1.1 Safari/538.1","webSecurityEnabled":true}
[INFO  - 2017-07-01T13:41:10.273Z] Session [d2275b10-5e62-11e7-9485-353d41faff41] - page.customHeaders:  - {}
[INFO  - 2017-07-01T13:41:10.287Z] Session [d2275b10-5e62-11e7-9485-353d41faff41] - page.settings - {"XSSAuditingEnabled":false,"javascriptCanCloseWindows":true,"javascriptCanOpenWindows":true,"javascriptEnabled":true,"loadImages":true,"localToRemoteUrlAccessEnabled":false,"userAgent":"Mozilla/5.0 (Windows NT 6.2; WOW64) AppleWebKit/538.1 (KHTML, like Gecko) PhantomJS/2.1.1 Safari/538.1","webSecurityEnabled":true}
[INFO  - 2017-07-01T13:41:10.287Z] Session [d2275b10-5e62-11e7-9485-353d41faff41] - page.customHeaders:  - {}
[INFO  - 2017-07-01T13:41:10.301Z] Session [d2275b10-5e62-11e7-9485-353d41faff41] - page.settings - {"XSSAuditingEnabled":false,"javascriptCanCloseWindows":true,"javascriptCanOpenWindows":true,"javascriptEnabled":true,"loadImages":true,"localToRemoteUrlAccessEnabled":false,"userAgent":"Mozilla/5.0 (Windows NT 6.2; WOW64) AppleWebKit/538.1 (KHTML, like Gecko) PhantomJS/2.1.1 Safari/538.1","webSecurityEnabled":true}
[INFO  - 2017-07-01T13:41:10.301Z] Session [d2275b10-5e62-11e7-9485-353d41faff41] - page.customHeaders:  - {}
[INFO  - 2017-07-01T13:41:10.315Z] Session [d2275b10-5e62-11e7-9485-353d41faff41] - page.settings - {"XSSAuditingEnabled":false,"javascriptCanCloseWindows":true,"javascriptCanOpenWindows":true,"javascriptEnabled":true,"loadImages":true,"localToRemoteUrlAccessEnabled":false,"userAgent":"Mozilla/5.0 (Windows NT 6.2; WOW64) AppleWebKit/538.1 (KHTML, like Gecko) PhantomJS/2.1.1 Safari/538.1","webSecurityEnabled":true}
[INFO  - 2017-07-01T13:41:10.316Z] Session [d2275b10-5e62-11e7-9485-353d41faff41] - page.customHeaders:  - {}
[INFO  - 2017-07-01T13:41:10.330Z] Session [d2275b10-5e62-11e7-9485-353d41faff41] - page.settings - {"XSSAuditingEnabled":false,"javascriptCanCloseWindows":true,"javascriptCanOpenWindows":true,"javascriptEnabled":true,"loadImages":true,"localToRemoteUrlAccessEnabled":false,"userAgent":"Mozilla/5.0 (Windows NT 6.2; WOW64) AppleWebKit/538.1 (KHTML, like Gecko) PhantomJS/2.1.1 Safari/538.1","webSecurityEnabled":true}
[INFO  - 2017-07-01T13:41:10.330Z] Session [d2275b10-5e62-11e7-9485-353d41faff41] - page.customHeaders:  - {}
[INFO  - 2017-07-01T13:41:10.344Z] Session [d2275b10-5e62-11e7-9485-353d41faff41] - page.settings - {"XSSAuditingEnabled":false,"javascriptCanCloseWindows":true,"javascriptCanOpenWindows":true,"javascriptEnabled":true,"loadImages":true,"localToRemoteUrlAccessEnabled":false,"userAgent":"Mozilla/5.0 (Windows NT 6.2; WOW64) AppleWebKit/538.1 (KHTML, like Gecko) PhantomJS/2.1.1 Safari/538.1","webSecurityEnabled":true}
[INFO  - 2017-07-01T13:41:10.345Z] Session [d2275b10-5e62-11e7-9485-353d41faff41] - page.customHeaders:  - {}
[INFO  - 2017-07-01T13:41:10.359Z] Session [d2275b10-5e62-11e7-9485-353d41faff41] - page.settings - {"XSSAuditingEnabled":false,"javascriptCanCloseWindows":true,"javascriptCanOpenWindows":true,"javascriptEnabled":true,"loadImages":true,"localToRemoteUrlAccessEnabled":false,"userAgent":"Mozilla/5.0 (Windows NT 6.2; WOW64) AppleWebKit/538.1 (KHTML, like Gecko) PhantomJS/2.1.1 Safari/538.1","webSecurityEnabled":true}
[INFO  - 2017-07-01T13:41:10.359Z] Session [d2275b10-5e62-11e7-9485-353d41faff41] - page.customHeaders:  - {}
[INFO  - 2017-07-01T13:41:10.374Z] Session [d2275b10-5e62-11e7-9485-353d41faff41] - page.settings - {"XSSAuditingEnabled":false,"javascriptCanCloseWindows":true,"javascriptCanOpenWindows":true,"javascriptEnabled":true,"loadImages":true,"localToRemoteUrlAccessEnabled":false,"userAgent":"Mozilla/5.0 (Windows NT 6.2; WOW64) AppleWebKit/538.1 (KHTML, like Gecko) PhantomJS/2.1.1 Safari/538.1","webSecurityEnabled":true}
[INFO  - 2017-07-01T13:41:10.374Z] Session [d2275b10-5e62-11e7-9485-353d41faff41] - page.customHeaders:  - {}
[INFO  - 2017-07-01T13:41:10.388Z] Session [d2275b10-5e62-11e7-9485-353d41faff41] - page.settings - {"XSSAuditingEnabled":false,"javascriptCanCloseWindows":true,"javascriptCanOpenWindows":true,"javascriptEnabled":true,"loadImages":true,"localToRemoteUrlAccessEnabled":false,"userAgent":"Mozilla/5.0 (Windows NT 6.2; WOW64) AppleWebKit/538.1 (KHTML, like Gecko) PhantomJS/2.1.1 Safari/538.1","webSecurityEnabled":true}
[INFO  - 2017-07-01T13:41:10.389Z] Session [d2275b10-5e62-11e7-9485-353d41faff41] - page.customHeaders:  - {}
[INFO  - 2017-07-01T13:41:10.404Z] Session [d2275b10-5e62-11e7-9485-353d41faff41] - page.settings - {"XSSAuditingEnabled":false,"javascriptCanCloseWindows":true,"javascriptCanOpenWindows":true,"javascriptEnabled":true,"loadImages":true,"localToRemoteUrlAccessEnabled":false,"userAgent":"Mozilla/5.0 (Windows NT 6.2; WOW64) AppleWebKit/538.1 (KHTML, like Gecko) PhantomJS/2.1.1 Safari/538.1","webSecurityEnabled":true}
[INFO  - 2017-07-01T13:41:10.404Z] Session [d2275b10-5e62-11e7-9485-353d41faff41] - page.customHeaders:  - {}
[INFO  - 2017-07-01T13:41:10.420Z] Session [d2275b10-5e62-11e7-9485-353d41faff41] - page.settings - {"XSSAuditingEnabled":false,"javascriptCanCloseWindows":true,"javascriptCanOpenWindows":true,"javascriptEnabled":true,"loadImages":true,"localToRemoteUrlAccessEnabled":false,"userAgent":"Mozilla/5.0 (Windows NT 6.2; WOW64) AppleWebKit/538.1 (KHTML, like Gecko) PhantomJS/2.1.1 Safari/538.1","webSecurityEnabled":true}
[INFO  - 2017-07-01T13:41:10.420Z] Session [d2275b10-5e62-11e7-9485-353d41faff41] - page.customHeaders:  - {}
[INFO  - 2017-07-01T13:41:10.440Z] Session [d2275b10-5e62-11e7-9485-353d41faff41] - page.settings - {"XSSAuditingEnabled":false,"javascriptCanCloseWindows":true,"javascriptCanOpenWindows":true,"javascriptEnabled":true,"loadImages":true,"localToRemoteUrlAccessEnabled":false,"userAgent":"Mozilla/5.0 (Windows NT 6.2; WOW64) AppleWebKit/538.1 (KHTML, like Gecko) PhantomJS/2.1.1 Safari/538.1","webSecurityEnabled":true}
[INFO  - 2017-07-01T13:41:10.440Z] Session [d2275b10-5e62-11e7-9485-353d41faff41] - page.customHeaders:  - {}
[INFO  - 2017-07-01T13:41:10.556Z] Session [d2275b10-5e62-11e7-9485-353d41faff41] - page.settings - {"XSSAuditingEnabled":false,"javascriptCanCloseWindows":true,"javascriptCanOpenWindows":true,"javascriptEnabled":true,"loadImages":true,"localToRemoteUrlAccessEnabled":false,"userAgent":"Mozilla/5.0 (Windows NT 6.2; WOW64) AppleWebKit/538.1 (KHTML, like Gecko) PhantomJS/2.1.1 Safari/538.1","webSecurityEnabled":true}
[INFO  - 2017-07-01T13:41:10.556Z] Session [d2275b10-5e62-11e7-9485-353d41faff41] - page.customHeaders:  - {}
[INFO  - 2017-07-01T13:41:10.573Z] Session [d2275b10-5e62-11e7-9485-353d41faff41] - page.settings - {"XSSAuditingEnabled":false,"javascriptCanCloseWindows":true,"javascriptCanOpenWindows":true,"javascriptEnabled":true,"loadImages":true,"localToRemoteUrlAccessEnabled":false,"userAgent":"Mozilla/5.0 (Windows NT 6.2; WOW64) AppleWebKit/538.1 (KHTML, like Gecko) PhantomJS/2.1.1 Safari/538.1","webSecurityEnabled":true}
[INFO  - 2017-07-01T13:41:10.573Z] Session [d2275b10-5e62-11e7-9485-353d41faff41] - page.customHeaders:  - {}
[INFO  - 2017-07-01T13:41:10.589Z] Session [d2275b10-5e62-11e7-9485-353d41faff41] - page.settings - {"XSSAuditingEnabled":false,"javascriptCanCloseWindows":true,"javascriptCanOpenWindows":true,"javascriptEnabled":true,"loadImages":true,"localToRemoteUrlAccessEnabled":false,"userAgent":"Mozilla/5.0 (Windows NT 6.2; WOW64) AppleWebKit/538.1 (KHTML, like Gecko) PhantomJS/2.1.1 Safari/538.1","webSecurityEnabled":true}
[INFO  - 2017-07-01T13:41:10.589Z] Session [d2275b10-5e62-11e7-9485-353d41faff41] - page.customHeaders:  - {}
[INFO  - 2017-07-01T13:41:10.606Z] Session [d2275b10-5e62-11e7-9485-353d41faff41] - page.settings - {"XSSAuditingEnabled":false,"javascriptCanCloseWindows":true,"javascriptCanOpenWindows":true,"javascriptEnabled":true,"loadImages":true,"localToRemoteUrlAccessEnabled":false,"userAgent":"Mozilla/5.0 (Windows NT 6.2; WOW64) AppleWebKit/538.1 (KHTML, like Gecko) PhantomJS/2.1.1 Safari/538.1","webSecurityEnabled":true}
[INFO  - 2017-07-01T13:41:10.606Z] Session [d2275b10-5e62-11e7-9485-353d41faff41] - page.customHeaders:  - {}
[INFO  - 2017-07-01T13:41:37.161Z] Session [d2275b10-5e62-11e7-9485-353d41faff41] - page.settings - {"XSSAuditingEnabled":false,"javascriptCanCloseWindows":true,"javascriptCanOpenWindows":true,"javascriptEnabled":true,"loadImages":true,"localToRemoteUrlAccessEnabled":false,"userAgent":"Mozilla/5.0 (Windows NT 6.2; WOW64) AppleWebKit/538.1 (KHTML, like Gecko) PhantomJS/2.1.1 Safari/538.1","webSecurityEnabled":true}
[INFO  - 2017-07-01T13:41:37.161Z] Session [d2275b10-5e62-11e7-9485-353d41faff41] - page.customHeaders:  - {}
[INFO  - 2017-07-01T13:41:37.176Z] Session [d2275b10-5e62-11e7-9485-353d41faff41] - page.settings - {"XSSAuditingEnabled":false,"javascriptCanCloseWindows":true,"javascriptCanOpenWindows":true,"javascriptEnabled":true,"loadImages":true,"localToRemoteUrlAccessEnabled":false,"userAgent":"Mozilla/5.0 (Windows NT 6.2; WOW64) AppleWebKit/538.1 (KHTML, like Gecko) PhantomJS/2.1.1 Safari/538.1","webSecurityEnabled":true}
[INFO  - 2017-07-01T13:41:37.176Z] Session [d2275b10-5e62-11e7-9485-353d41faff41] - page.customHeaders:  - {}
[INFO  - 2017-07-01T13:41:37.190Z] Session [d2275b10-5e62-11e7-9485-353d41faff41] - page.settings - {"XSSAuditingEnabled":false,"javascriptCanCloseWindows":true,"javascriptCanOpenWindows":true,"javascriptEnabled":true,"loadImages":true,"localToRemoteUrlAccessEnabled":false,"userAgent":"Mozilla/5.0 (Windows NT 6.2; WOW64) AppleWebKit/538.1 (KHTML, like Gecko) PhantomJS/2.1.1 Safari/538.1","webSecurityEnabled":true}
[INFO  - 2017-07-01T13:41:37.190Z] Session [d2275b10-5e62-11e7-9485-353d41faff41] - page.customHeaders:  - {}
[INFO  - 2017-07-01T13:41:37.205Z] Session [d2275b10-5e62-11e7-9485-353d41faff41] - page.settings - {"XSSAuditingEnabled":false,"javascriptCanCloseWindows":true,"javascriptCanOpenWindows":true,"javascriptEnabled":true,"loadImages":true,"localToRemoteUrlAccessEnabled":false,"userAgent":"Mozilla/5.0 (Windows NT 6.2; WOW64) AppleWebKit/538.1 (KHTML, like Gecko) PhantomJS/2.1.1 Safari/538.1","webSecurityEnabled":true}
[INFO  - 2017-07-01T13:41:37.205Z] Session [d2275b10-5e62-11e7-9485-353d41faff41] - page.customHeaders:  - {}
[INFO  - 2017-07-01T13:41:37.219Z] Session [d2275b10-5e62-11e7-9485-353d41faff41] - page.settings - {"XSSAuditingEnabled":false,"javascriptCanCloseWindows":true,"javascriptCanOpenWindows":true,"javascriptEnabled":true,"loadImages":true,"localToRemoteUrlAccessEnabled":false,"userAgent":"Mozilla/5.0 (Windows NT 6.2; WOW64) AppleWebKit/538.1 (KHTML, like Gecko) PhantomJS/2.1.1 Safari/538.1","webSecurityEnabled":true}
[INFO  - 2017-07-01T13:41:37.219Z] Session [d2275b10-5e62-11e7-9485-353d41faff41] - page.customHeaders:  - {}
[INFO  - 2017-07-01T13:41:37.233Z] Session [d2275b10-5e62-11e7-9485-353d41faff41] - page.settings - {"XSSAuditingEnabled":false,"javascriptCanCloseWindows":true,"javascriptCanOpenWindows":true,"javascriptEnabled":true,"loadImages":true,"localToRemoteUrlAccessEnabled":false,"userAgent":"Mozilla/5.0 (Windows NT 6.2; WOW64) AppleWebKit/538.1 (KHTML, like Gecko) PhantomJS/2.1.1 Safari/538.1","webSecurityEnabled":true}
[INFO  - 2017-07-01T13:41:37.233Z] Session [d2275b10-5e62-11e7-9485-353d41faff41] - page.customHeaders:  - {}
[INFO  - 2017-07-01T13:41:37.248Z] Session [d2275b10-5e62-11e7-9485-353d41faff41] - page.settings - {"XSSAuditingEnabled":false,"javascriptCanCloseWindows":true,"javascriptCanOpenWindows":true,"javascriptEnabled":true,"loadImages":true,"localToRemoteUrlAccessEnabled":false,"userAgent":"Mozilla/5.0 (Windows NT 6.2; WOW64) AppleWebKit/538.1 (KHTML, like Gecko) PhantomJS/2.1.1 Safari/538.1","webSecurityEnabled":true}
[INFO  - 2017-07-01T13:41:37.248Z] Session [d2275b10-5e62-11e7-9485-353d41faff41] - page.customHeaders:  - {}
[INFO  - 2017-07-01T13:41:37.263Z] Session [d2275b10-5e62-11e7-9485-353d41faff41] - page.settings - {"XSSAuditingEnabled":false,"javascriptCanCloseWindows":true,"javascriptCanOpenWindows":true,"javascriptEnabled":true,"loadImages":true,"localToRemoteUrlAccessEnabled":false,"userAgent":"Mozilla/5.0 (Windows NT 6.2; WOW64) AppleWebKit/538.1 (KHTML, like Gecko) PhantomJS/2.1.1 Safari/538.1","webSecurityEnabled":true}
[INFO  - 2017-07-01T13:41:37.263Z] Session [d2275b10-5e62-11e7-9485-353d41faff41] - page.customHeaders:  - {}
[INFO  - 2017-07-01T13:41:37.278Z] Session [d2275b10-5e62-11e7-9485-353d41faff41] - page.settings - {"XSSAuditingEnabled":false,"javascriptCanCloseWindows":true,"javascriptCanOpenWindows":true,"javascriptEnabled":true,"loadImages":true,"localToRemoteUrlAccessEnabled":false,"userAgent":"Mozilla/5.0 (Windows NT 6.2; WOW64) AppleWebKit/538.1 (KHTML, like Gecko) PhantomJS/2.1.1 Safari/538.1","webSecurityEnabled":true}
[INFO  - 2017-07-01T13:41:37.278Z] Session [d2275b10-5e62-11e7-9485-353d41faff41] - page.customHeaders:  - {}
[INFO  - 2017-07-01T13:41:37.292Z] Session [d2275b10-5e62-11e7-9485-353d41faff41] - page.settings - {"XSSAuditingEnabled":false,"javascriptCanCloseWindows":true,"javascriptCanOpenWindows":true,"javascriptEnabled":true,"loadImages":true,"localToRemoteUrlAccessEnabled":false,"userAgent":"Mozilla/5.0 (Windows NT 6.2; WOW64) AppleWebKit/538.1 (KHTML, like Gecko) PhantomJS/2.1.1 Safari/538.1","webSecurityEnabled":true}
[INFO  - 2017-07-01T13:41:37.292Z] Session [d2275b10-5e62-11e7-9485-353d41faff41] - page.customHeaders:  - {}
[INFO  - 2017-07-01T13:41:37.307Z] Session [d2275b10-5e62-11e7-9485-353d41faff41] - page.settings - {"XSSAuditingEnabled":false,"javascriptCanCloseWindows":true,"javascriptCanOpenWindows":true,"javascriptEnabled":true,"loadImages":true,"localToRemoteUrlAccessEnabled":false,"userAgent":"Mozilla/5.0 (Windows NT 6.2; WOW64) AppleWebKit/538.1 (KHTML, like Gecko) PhantomJS/2.1.1 Safari/538.1","webSecurityEnabled":true}
[INFO  - 2017-07-01T13:41:37.307Z] Session [d2275b10-5e62-11e7-9485-353d41faff41] - page.customHeaders:  - {}
[INFO  - 2017-07-01T13:41:37.322Z] Session [d2275b10-5e62-11e7-9485-353d41faff41] - page.settings - {"XSSAuditingEnabled":false,"javascriptCanCloseWindows":true,"javascriptCanOpenWindows":true,"javascriptEnabled":true,"loadImages":true,"localToRemoteUrlAccessEnabled":false,"userAgent":"Mozilla/5.0 (Windows NT 6.2; WOW64) AppleWebKit/538.1 (KHTML, like Gecko) PhantomJS/2.1.1 Safari/538.1","webSecurityEnabled":true}
[INFO  - 2017-07-01T13:41:37.322Z] Session [d2275b10-5e62-11e7-9485-353d41faff41] - page.customHeaders:  - {}
[INFO  - 2017-07-01T13:41:37.336Z] Session [d2275b10-5e62-11e7-9485-353d41faff41] - page.settings - {"XSSAuditingEnabled":false,"javascriptCanCloseWindows":true,"javascriptCanOpenWindows":true,"javascriptEnabled":true,"loadImages":true,"localToRemoteUrlAccessEnabled":false,"userAgent":"Mozilla/5.0 (Windows NT 6.2; WOW64) AppleWebKit/538.1 (KHTML, like Gecko) PhantomJS/2.1.1 Safari/538.1","webSecurityEnabled":true}
[INFO  - 2017-07-01T13:41:37.336Z] Session [d2275b10-5e62-11e7-9485-353d41faff41] - page.customHeaders:  - {}
[INFO  - 2017-07-01T13:41:37.350Z] Session [d2275b10-5e62-11e7-9485-353d41faff41] - page.settings - {"XSSAuditingEnabled":false,"javascriptCanCloseWindows":true,"javascriptCanOpenWindows":true,"javascriptEnabled":true,"loadImages":true,"localToRemoteUrlAccessEnabled":false,"userAgent":"Mozilla/5.0 (Windows NT 6.2; WOW64) AppleWebKit/538.1 (KHTML, like Gecko) PhantomJS/2.1.1 Safari/538.1","webSecurityEnabled":true}
[INFO  - 2017-07-01T13:41:37.350Z] Session [d2275b10-5e62-11e7-9485-353d41faff41] - page.customHeaders:  - {}
[INFO  - 2017-07-01T13:41:37.365Z] Session [d2275b10-5e62-11e7-9485-353d41faff41] - page.settings - {"XSSAuditingEnabled":false,"javascriptCanCloseWindows":true,"javascriptCanOpenWindows":true,"javascriptEnabled":true,"loadImages":true,"localToRemoteUrlAccessEnabled":false,"userAgent":"Mozilla/5.0 (Windows NT 6.2; WOW64) AppleWebKit/538.1 (KHTML, like Gecko) PhantomJS/2.1.1 Safari/538.1","webSecurityEnabled":true}
[INFO  - 2017-07-01T13:41:37.365Z] Session [d2275b10-5e62-11e7-9485-353d41faff41] - page.customHeaders:  - {}
[INFO  - 2017-07-01T13:41:37.379Z] Session [d2275b10-5e62-11e7-9485-353d41faff41] - page.settings - {"XSSAuditingEnabled":false,"javascriptCanCloseWindows":true,"javascriptCanOpenWindows":true,"javascriptEnabled":true,"loadImages":true,"localToRemoteUrlAccessEnabled":false,"userAgent":"Mozilla/5.0 (Windows NT 6.2; WOW64) AppleWebKit/538.1 (KHTML, like Gecko) PhantomJS/2.1.1 Safari/538.1","webSecurityEnabled":true}
[INFO  - 2017-07-01T13:41:37.379Z] Session [d2275b10-5e62-11e7-9485-353d41faff41] - page.customHeaders:  - {}
[INFO  - 2017-07-01T13:41:37.394Z] Session [d2275b10-5e62-11e7-9485-353d41faff41] - page.settings - {"XSSAuditingEnabled":false,"javascriptCanCloseWindows":true,"javascriptCanOpenWindows":true,"javascriptEnabled":true,"loadImages":true,"localToRemoteUrlAccessEnabled":false,"userAgent":"Mozilla/5.0 (Windows NT 6.2; WOW64) AppleWebKit/538.1 (KHTML, like Gecko) PhantomJS/2.1.1 Safari/538.1","webSecurityEnabled":true}
[INFO  - 2017-07-01T13:41:37.394Z] Session [d2275b10-5e62-11e7-9485-353d41faff41] - page.customHeaders:  - {}
[INFO  - 2017-07-01T13:41:37.408Z] Session [d2275b10-5e62-11e7-9485-353d41faff41] - page.settings - {"XSSAuditingEnabled":false,"javascriptCanCloseWindows":true,"javascriptCanOpenWindows":true,"javascriptEnabled":true,"loadImages":true,"localToRemoteUrlAccessEnabled":false,"userAgent":"Mozilla/5.0 (Windows NT 6.2; WOW64) AppleWebKit/538.1 (KHTML, like Gecko) PhantomJS/2.1.1 Safari/538.1","webSecurityEnabled":true}
[INFO  - 2017-07-01T13:41:37.408Z] Session [d2275b10-5e62-11e7-9485-353d41faff41] - page.customHeaders:  - {}
[INFO  - 2017-07-01T13:41:37.423Z] Session [d2275b10-5e62-11e7-9485-353d41faff41] - page.settings - {"XSSAuditingEnabled":false,"javascriptCanCloseWindows":true,"javascriptCanOpenWindows":true,"javascriptEnabled":true,"loadImages":true,"localToRemoteUrlAccessEnabled":false,"userAgent":"Mozilla/5.0 (Windows NT 6.2; WOW64) AppleWebKit/538.1 (KHTML, like Gecko) PhantomJS/2.1.1 Safari/538.1","webSecurityEnabled":true}
[INFO  - 2017-07-01T13:41:37.423Z] Session [d2275b10-5e62-11e7-9485-353d41faff41] - page.customHeaders:  - {}
[INFO  - 2017-07-01T13:41:37.439Z] Session [d2275b10-5e62-11e7-9485-353d41faff41] - page.settings - {"XSSAuditingEnabled":false,"javascriptCanCloseWindows":true,"javascriptCanOpenWindows":true,"javascriptEnabled":true,"loadImages":true,"localToRemoteUrlAccessEnabled":false,"userAgent":"Mozilla/5.0 (Windows NT 6.2; WOW64) AppleWebKit/538.1 (KHTML, like Gecko) PhantomJS/2.1.1 Safari/538.1","webSecurityEnabled":true}
[INFO  - 2017-07-01T13:41:37.439Z] Session [d2275b10-5e62-11e7-9485-353d41faff41] - page.customHeaders:  - {}
[INFO  - 2017-07-01T13:41:37.454Z] Session [d2275b10-5e62-11e7-9485-353d41faff41] - page.settings - {"XSSAuditingEnabled":false,"javascriptCanCloseWindows":true,"javascriptCanOpenWindows":true,"javascriptEnabled":true,"loadImages":true,"localToRemoteUrlAccessEnabled":false,"userAgent":"Mozilla/5.0 (Windows NT 6.2; WOW64) AppleWebKit/538.1 (KHTML, like Gecko) PhantomJS/2.1.1 Safari/538.1","webSecurityEnabled":true}
[INFO  - 2017-07-01T13:41:37.454Z] Session [d2275b10-5e62-11e7-9485-353d41faff41] - page.customHeaders:  - {}
[INFO  - 2017-07-01T13:41:37.469Z] Session [d2275b10-5e62-11e7-9485-353d41faff41] - page.settings - {"XSSAuditingEnabled":false,"javascriptCanCloseWindows":true,"javascriptCanOpenWindows":true,"javascriptEnabled":true,"loadImages":true,"localToRemoteUrlAccessEnabled":false,"userAgent":"Mozilla/5.0 (Windows NT 6.2; WOW64) AppleWebKit/538.1 (KHTML, like Gecko) PhantomJS/2.1.1 Safari/538.1","webSecurityEnabled":true}
[INFO  - 2017-07-01T13:41:37.469Z] Session [d2275b10-5e62-11e7-9485-353d41faff41] - page.customHeaders:  - {}
[INFO  - 2017-07-01T13:41:37.484Z] Session [d2275b10-5e62-11e7-9485-353d41faff41] - page.settings - {"XSSAuditingEnabled":false,"javascriptCanCloseWindows":true,"javascriptCanOpenWindows":true,"javascriptEnabled":true,"loadImages":true,"localToRemoteUrlAccessEnabled":false,"userAgent":"Mozilla/5.0 (Windows NT 6.2; WOW64) AppleWebKit/538.1 (KHTML, like Gecko) PhantomJS/2.1.1 Safari/538.1","webSecurityEnabled":true}
[INFO  - 2017-07-01T13:41:37.484Z] Session [d2275b10-5e62-11e7-9485-353d41faff41] - page.customHeaders:  - {}
[INFO  - 2017-07-01T13:41:37.499Z] Session [d2275b10-5e62-11e7-9485-353d41faff41] - page.settings - {"XSSAuditingEnabled":false,"javascriptCanCloseWindows":true,"javascriptCanOpenWindows":true,"javascriptEnabled":true,"loadImages":true,"localToRemoteUrlAccessEnabled":false,"userAgent":"Mozilla/5.0 (Windows NT 6.2; WOW64) AppleWebKit/538.1 (KHTML, like Gecko) PhantomJS/2.1.1 Safari/538.1","webSecurityEnabled":true}
[INFO  - 2017-07-01T13:41:37.500Z] Session [d2275b10-5e62-11e7-9485-353d41faff41] - page.customHeaders:  - {}
[INFO  - 2017-07-01T13:41:37.516Z] Session [d2275b10-5e62-11e7-9485-353d41faff41] - page.settings - {"XSSAuditingEnabled":false,"javascriptCanCloseWindows":true,"javascriptCanOpenWindows":true,"javascriptEnabled":true,"loadImages":true,"localToRemoteUrlAccessEnabled":false,"userAgent":"Mozilla/5.0 (Windows NT 6.2; WOW64) AppleWebKit/538.1 (KHTML, like Gecko) PhantomJS/2.1.1 Safari/538.1","webSecurityEnabled":true}
[INFO  - 2017-07-01T13:41:37.516Z] Session [d2275b10-5e62-11e7-9485-353d41faff41] - page.customHeaders:  - {}
